/home/runner/work/Angular_Momentum_Reaction_Engine_v2/Angular_Momentum_Reaction_Engine_v2/scripts/convert_xlsx.py:21: DeprecationWarning: datetime.datetime.utcnow() is deprecated and scheduled for removal in a future version. Use timezone-aware objects to represent datetimes in UTC: datetime.datetime.now(datetime.UTC).
  timestamped = f"[{datetime.utcnow().isoformat()} UTC] {msg}"
/home/runner/work/Angular_Momentum_Reaction_Engine_v2/Angular_Momentum_Reaction_Engine_v2/scripts/convert_xlsx.py:21: DeprecationWarning: datetime.datetime.utcnow() is deprecated and scheduled for removal in a future version. Use timezone-aware objects to represent datetimes in UTC: datetime.datetime.now(datetime.UTC).
  timestamped = f"[{datetime.utcnow().isoformat()} UTC] {msg}"
/home/runner/work/Angular_Momentum_Reaction_Engine_v2/Angular_Momentum_Reaction_Engine_v2/scripts/convert_xlsx.py:21: DeprecationWarning: datetime.datetime.utcnow() is deprecated and scheduled for removal in a future version. Use timezone-aware objects to represent datetimes in UTC: datetime.datetime.now(datetime.UTC).
  timestamped = f"[{datetime.utcnow().isoformat()} UTC] {msg}"
/home/runner/work/Angular_Momentum_Reaction_Engine_v2/Angular_Momentum_Reaction_Engine_v2/scripts/convert_xlsx.py:21: DeprecationWarning: datetime.datetime.utcnow() is deprecated and scheduled for removal in a future version. Use timezone-aware objects to represent datetimes in UTC: datetime.datetime.now(datetime.UTC).
  timestamped = f"[{datetime.utcnow().isoformat()} UTC] {msg}"
/home/runner/work/Angular_Momentum_Reaction_Engine_v2/Angular_Momentum_Reaction_Engine_v2/scripts/convert_xlsx.py:21: DeprecationWarning: datetime.datetime.utcnow() is deprecated and scheduled for removal in a future version. Use timezone-aware objects to represent datetimes in UTC: datetime.datetime.now(datetime.UTC).
  timestamped = f"[{datetime.utcnow().isoformat()} UTC] {msg}"
/home/runner/work/Angular_Momentum_Reaction_Engine_v2/Angular_Momentum_Reaction_Engine_v2/scripts/convert_xlsx.py:21: DeprecationWarning: datetime.datetime.utcnow() is deprecated and scheduled for removal in a future version. Use timezone-aware objects to represent datetimes in UTC: datetime.datetime.now(datetime.UTC).
  timestamped = f"[{datetime.utcnow().isoformat()} UTC] {msg}"
/home/runner/work/Angular_Momentum_Reaction_Engine_v2/Angular_Momentum_Reaction_Engine_v2/scripts/convert_xlsx.py:21: DeprecationWarning: datetime.datetime.utcnow() is deprecated and scheduled for removal in a future version. Use timezone-aware objects to represent datetimes in UTC: datetime.datetime.now(datetime.UTC).
  timestamped = f"[{datetime.utcnow().isoformat()} UTC] {msg}"
/home/runner/work/Angular_Momentum_Reaction_Engine_v2/Angular_Momentum_Reaction_Engine_v2/scripts/convert_xlsx.py:21: DeprecationWarning: datetime.datetime.utcnow() is deprecated and scheduled for removal in a future version. Use timezone-aware objects to represent datetimes in UTC: datetime.datetime.now(datetime.UTC).
  timestamped = f"[{datetime.utcnow().isoformat()} UTC] {msg}"
/home/runner/work/Angular_Momentum_Reaction_Engine_v2/Angular_Momentum_Reaction_Engine_v2/scripts/convert_xlsx.py:21: DeprecationWarning: datetime.datetime.utcnow() is deprecated and scheduled for removal in a future version. Use timezone-aware objects to represent datetimes in UTC: datetime.datetime.now(datetime.UTC).
  timestamped = f"[{datetime.utcnow().isoformat()} UTC] {msg}"
/home/runner/work/Angular_Momentum_Reaction_Engine_v2/Angular_Momentum_Reaction_Engine_v2/scripts/convert_xlsx.py:21: DeprecationWarning: datetime.datetime.utcnow() is deprecated and scheduled for removal in a future version. Use timezone-aware objects to represent datetimes in UTC: datetime.datetime.now(datetime.UTC).
  timestamped = f"[{datetime.utcnow().isoformat()} UTC] {msg}"
/home/runner/work/Angular_Momentum_Reaction_Engine_v2/Angular_Momentum_Reaction_Engine_v2/scripts/convert_xlsx.py:21: DeprecationWarning: datetime.datetime.utcnow() is deprecated and scheduled for removal in a future version. Use timezone-aware objects to represent datetimes in UTC: datetime.datetime.now(datetime.UTC).
  timestamped = f"[{datetime.utcnow().isoformat()} UTC] {msg}"
/home/runner/work/Angular_Momentum_Reaction_Engine_v2/Angular_Momentum_Reaction_Engine_v2/scripts/convert_xlsx.py:21: DeprecationWarning: datetime.datetime.utcnow() is deprecated and scheduled for removal in a future version. Use timezone-aware objects to represent datetimes in UTC: datetime.datetime.now(datetime.UTC).
  timestamped = f"[{datetime.utcnow().isoformat()} UTC] {msg}"
/home/runner/work/Angular_Momentum_Reaction_Engine_v2/Angular_Momentum_Reaction_Engine_v2/scripts/convert_xlsx.py:21: DeprecationWarning: datetime.datetime.utcnow() is deprecated and scheduled for removal in a future version. Use timezone-aware objects to represent datetimes in UTC: datetime.datetime.now(datetime.UTC).
  timestamped = f"[{datetime.utcnow().isoformat()} UTC] {msg}"
/home/runner/work/Angular_Momentum_Reaction_Engine_v2/Angular_Momentum_Reaction_Engine_v2/scripts/convert_xlsx.py:21: DeprecationWarning: datetime.datetime.utcnow() is deprecated and scheduled for removal in a future version. Use timezone-aware objects to represent datetimes in UTC: datetime.datetime.now(datetime.UTC).
  timestamped = f"[{datetime.utcnow().isoformat()} UTC] {msg}"
/home/runner/work/Angular_Momentum_Reaction_Engine_v2/Angular_Momentum_Reaction_Engine_v2/scripts/convert_xlsx.py:21: DeprecationWarning: datetime.datetime.utcnow() is deprecated and scheduled for removal in a future version. Use timezone-aware objects to represent datetimes in UTC: datetime.datetime.now(datetime.UTC).
  timestamped = f"[{datetime.utcnow().isoformat()} UTC] {msg}"
/home/runner/work/Angular_Momentum_Reaction_Engine_v2/Angular_Momentum_Reaction_Engine_v2/scripts/convert_xlsx.py:21: DeprecationWarning: datetime.datetime.utcnow() is deprecated and scheduled for removal in a future version. Use timezone-aware objects to represent datetimes in UTC: datetime.datetime.now(datetime.UTC).
  timestamped = f"[{datetime.utcnow().isoformat()} UTC] {msg}"
/home/runner/work/Angular_Momentum_Reaction_Engine_v2/Angular_Momentum_Reaction_Engine_v2/scripts/convert_xlsx.py:21: DeprecationWarning: datetime.datetime.utcnow() is deprecated and scheduled for removal in a future version. Use timezone-aware objects to represent datetimes in UTC: datetime.datetime.now(datetime.UTC).
  timestamped = f"[{datetime.utcnow().isoformat()} UTC] {msg}"
/home/runner/work/Angular_Momentum_Reaction_Engine_v2/Angular_Momentum_Reaction_Engine_v2/scripts/convert_xlsx.py:21: DeprecationWarning: datetime.datetime.utcnow() is deprecated and scheduled for removal in a future version. Use timezone-aware objects to represent datetimes in UTC: datetime.datetime.now(datetime.UTC).
  timestamped = f"[{datetime.utcnow().isoformat()} UTC] {msg}"
/home/runner/work/Angular_Momentum_Reaction_Engine_v2/Angular_Momentum_Reaction_Engine_v2/scripts/convert_xlsx.py:21: DeprecationWarning: datetime.datetime.utcnow() is deprecated and scheduled for removal in a future version. Use timezone-aware objects to represent datetimes in UTC: datetime.datetime.now(datetime.UTC).
  timestamped = f"[{datetime.utcnow().isoformat()} UTC] {msg}"
/home/runner/work/Angular_Momentum_Reaction_Engine_v2/Angular_Momentum_Reaction_Engine_v2/scripts/convert_xlsx.py:21: DeprecationWarning: datetime.datetime.utcnow() is deprecated and scheduled for removal in a future version. Use timezone-aware objects to represent datetimes in UTC: datetime.datetime.now(datetime.UTC).
  timestamped = f"[{datetime.utcnow().isoformat()} UTC] {msg}"
/home/runner/work/Angular_Momentum_Reaction_Engine_v2/Angular_Momentum_Reaction_Engine_v2/scripts/convert_xlsx.py:21: DeprecationWarning: datetime.datetime.utcnow() is deprecated and scheduled for removal in a future version. Use timezone-aware objects to represent datetimes in UTC: datetime.datetime.now(datetime.UTC).
  timestamped = f"[{datetime.utcnow().isoformat()} UTC] {msg}"
/home/runner/work/Angular_Momentum_Reaction_Engine_v2/Angular_Momentum_Reaction_Engine_v2/scripts/convert_xlsx.py:21: DeprecationWarning: datetime.datetime.utcnow() is deprecated and scheduled for removal in a future version. Use timezone-aware objects to represent datetimes in UTC: datetime.datetime.now(datetime.UTC).
  timestamped = f"[{datetime.utcnow().isoformat()} UTC] {msg}"
/home/runner/work/Angular_Momentum_Reaction_Engine_v2/Angular_Momentum_Reaction_Engine_v2/scripts/convert_xlsx.py:21: DeprecationWarning: datetime.datetime.utcnow() is deprecated and scheduled for removal in a future version. Use timezone-aware objects to represent datetimes in UTC: datetime.datetime.now(datetime.UTC).
  timestamped = f"[{datetime.utcnow().isoformat()} UTC] {msg}"
/home/runner/work/Angular_Momentum_Reaction_Engine_v2/Angular_Momentum_Reaction_Engine_v2/scripts/convert_xlsx.py:21: DeprecationWarning: datetime.datetime.utcnow() is deprecated and scheduled for removal in a future version. Use timezone-aware objects to represent datetimes in UTC: datetime.datetime.now(datetime.UTC).
  timestamped = f"[{datetime.utcnow().isoformat()} UTC] {msg}"
/home/runner/work/Angular_Momentum_Reaction_Engine_v2/Angular_Momentum_Reaction_Engine_v2/scripts/convert_xlsx.py:21: DeprecationWarning: datetime.datetime.utcnow() is deprecated and scheduled for removal in a future version. Use timezone-aware objects to represent datetimes in UTC: datetime.datetime.now(datetime.UTC).
  timestamped = f"[{datetime.utcnow().isoformat()} UTC] {msg}"
/home/runner/work/Angular_Momentum_Reaction_Engine_v2/Angular_Momentum_Reaction_Engine_v2/scripts/convert_xlsx.py:21: DeprecationWarning: datetime.datetime.utcnow() is deprecated and scheduled for removal in a future version. Use timezone-aware objects to represent datetimes in UTC: datetime.datetime.now(datetime.UTC).
  timestamped = f"[{datetime.utcnow().isoformat()} UTC] {msg}"
/home/runner/work/Angular_Momentum_Reaction_Engine_v2/Angular_Momentum_Reaction_Engine_v2/scripts/convert_xlsx.py:21: DeprecationWarning: datetime.datetime.utcnow() is deprecated and scheduled for removal in a future version. Use timezone-aware objects to represent datetimes in UTC: datetime.datetime.now(datetime.UTC).
  timestamped = f"[{datetime.utcnow().isoformat()} UTC] {msg}"
/home/runner/work/Angular_Momentum_Reaction_Engine_v2/Angular_Momentum_Reaction_Engine_v2/scripts/convert_xlsx.py:21: DeprecationWarning: datetime.datetime.utcnow() is deprecated and scheduled for removal in a future version. Use timezone-aware objects to represent datetimes in UTC: datetime.datetime.now(datetime.UTC).
  timestamped = f"[{datetime.utcnow().isoformat()} UTC] {msg}"
[2025-09-30T20:41:40.984823 UTC] 🚀 Starting conversion run
[2025-09-30T20:41:41.291049 UTC] ✔ Converted data/spreadsheets/in_development/Electrical_resistance/Unit_(AC)/deposition_within_decimalisation_v1.xlsx → docs/previews/Electrical_resistance/Unit_(AC)/deposition_within_decimalisation_v1.html
[2025-09-30T20:41:41.317973 UTC] ✔ Converted data/spreadsheets/in_development/Electrical_resistance/lambda_sequencer/Base_Equation.xlsx → docs/previews/Electrical_resistance/lambda_sequencer/Base_Equation.html
[2025-09-30T20:41:41.349242 UTC] ✔ Converted data/spreadsheets/in_development/Infinities/Infinities_Continuous.xlsx → docs/previews/Infinities/Infinities_Continuous.html
[2025-09-30T20:41:41.403876 UTC] ✔ Converted data/spreadsheets/in_development/Infinities/Infinities_Transport.xlsx → docs/previews/Infinities/Infinities_Transport.html
[2025-09-30T20:41:41.697456 UTC] ✔ Converted data/spreadsheets/in_development/formulae/chemistry/periodic_table/alkali/the_hydrogen_equation/e_squared/lambda/Cartography_2.xlsx → docs/previews/formulae/chemistry/periodic_table/alkali/the_hydrogen_equation/e_squared/lambda/Cartography_2.html
[2025-09-30T20:41:42.084109 UTC] ✔ Converted data/spreadsheets/in_development/formulae/chemistry/periodic_table/alkali/the_hydrogen_equation/e_squared/lambda/Cartography_3.xlsx → docs/previews/formulae/chemistry/periodic_table/alkali/the_hydrogen_equation/e_squared/lambda/Cartography_3.html
[2025-09-30T20:41:42.593180 UTC] ✔ Converted data/spreadsheets/in_development/formulae/chemistry/periodic_table/alkali/the_hydrogen_equation/e_squared/lambda/Cartography_1.xlsx → docs/previews/formulae/chemistry/periodic_table/alkali/the_hydrogen_equation/e_squared/lambda/Cartography_1.html
[2025-09-30T20:41:42.734760 UTC] ✔ Converted data/spreadsheets/in_development/formulae/chemistry/periodic_table/alkali/the_hydrogen_equation/e_squared/boundary_momentum/A.xlsx → docs/previews/formulae/chemistry/periodic_table/alkali/the_hydrogen_equation/e_squared/boundary_momentum/A.html
[2025-09-30T20:41:43.223360 UTC] ✔ Converted data/spreadsheets/in_development/formulae/chemistry/periodic_table/lanthanide_series/Neodymium/2_e_squared_in_binary.xlsx → docs/previews/formulae/chemistry/periodic_table/lanthanide_series/Neodymium/2_e_squared_in_binary.html
[2025-09-30T20:41:43.492665 UTC] ✔ Converted data/spreadsheets/in_development/formulae/chemistry/periodic_table/lanthanide_series/Neodymium/1_Atomic_number_144.243.xlsx → docs/previews/formulae/chemistry/periodic_table/lanthanide_series/Neodymium/1_Atomic_number_144.243.html
[2025-09-30T20:41:43.815047 UTC] ✔ Converted data/spreadsheets/in_development/formulae/chemistry/periodic_table/lanthanide_series/Neodymium/3_AC_differentials.xlsx → docs/previews/formulae/chemistry/periodic_table/lanthanide_series/Neodymium/3_AC_differentials.html
[2025-09-30T20:41:44.196276 UTC] ✔ Converted data/spreadsheets/in_development/formulae/chemistry/periodic_table/lanthanide_series/Neodymium/4_EM_curvature.xlsx → docs/previews/formulae/chemistry/periodic_table/lanthanide_series/Neodymium/4_EM_curvature.html
[2025-09-30T20:41:44.255489 UTC] ✔ Converted data/spreadsheets/in_development/financials/currency/Unit_Currency/differential_Inversions.xlsx → docs/previews/financials/currency/Unit_Currency/differential_Inversions.html
[2025-09-30T20:41:44.279966 UTC] ✔ Converted data/spreadsheets/in_development/financials/currency/Unit_Currency/differential_inversions_1.xlsx → docs/previews/financials/currency/Unit_Currency/differential_inversions_1.html
[2025-09-30T20:41:45.657757 UTC] ✔ Converted data/spreadsheets/in_development/financials/index/FTSE/baserate.xlsx → docs/previews/financials/index/FTSE/baserate.html
[2025-09-30T20:41:45.768929 UTC] ✔ Converted data/spreadsheets/in_development/financials/index/FTSE/XLS_files/A.xlsx → docs/previews/financials/index/FTSE/XLS_files/A.html
[2025-09-30T20:41:45.872403 UTC] ✔ Converted data/spreadsheets/in_development/financials/index/FTSE/XLS_files/B.xlsx → docs/previews/financials/index/FTSE/XLS_files/B.html
[2025-09-30T20:41:45.981093 UTC] ✔ Converted data/spreadsheets/in_development/financials/index/FTSE/XLS_files/C.xlsx → docs/previews/financials/index/FTSE/XLS_files/C.html
[2025-09-30T20:41:46.005523 UTC] ✔ Converted data/spreadsheets/in_development/financials/index/FTSE/XLS_files/closing_analysis_november_2020/FTSE_ITCSOLDP.xlsx → docs/previews/financials/index/FTSE/XLS_files/closing_analysis_november_2020/FTSE_ITCSOLDP.html
[2025-09-30T20:41:48.146489 UTC] ✔ Converted data/spreadsheets/in_development/financials/interest_rates/BOE/historical_data/base_rate_since_1694/XLS_file/baserate.xlsx → docs/previews/financials/interest_rates/BOE/historical_data/base_rate_since_1694/XLS_file/baserate.html
[2025-09-30T20:41:48.423790 UTC] ✔ Converted data/spreadsheets/in_development/financials/interest_rates/BOE/historical_data/base_rate_since_1694/XLS_file/lambda/2nd_render/cartography_2.xlsx → docs/previews/financials/interest_rates/BOE/historical_data/base_rate_since_1694/XLS_file/lambda/2nd_render/cartography_2.html
[2025-09-30T20:41:48.911366 UTC] ✔ Converted data/spreadsheets/in_development/financials/interest_rates/BOE/historical_data/base_rate_since_1694/XLS_file/lambda/2nd_render/cartography_1.xlsx → docs/previews/financials/interest_rates/BOE/historical_data/base_rate_since_1694/XLS_file/lambda/2nd_render/cartography_1.html
[2025-09-30T20:41:49.104471 UTC] ✔ Converted data/spreadsheets/in_development/financials/interest_rates/BOE/historical_data/base_rate_since_1694/XLS_file/lambda/2nd_render/cartography_3.xlsx → docs/previews/financials/interest_rates/BOE/historical_data/base_rate_since_1694/XLS_file/lambda/2nd_render/cartography_3.html
[2025-09-30T20:41:49.599417 UTC] ✔ Converted data/spreadsheets/in_development/financials/interest_rates/BOE/historical_data/base_rate_since_1694/XLS_file/lambda/1st_overview/1_log_to_linear.xlsx → docs/previews/financials/interest_rates/BOE/historical_data/base_rate_since_1694/XLS_file/lambda/1st_overview/1_log_to_linear.html
[2025-09-30T20:41:49.709258 UTC] ✔ Converted data/spreadsheets/in_development/financials/interest_rates/BOE/historical_data/base_rate_since_1694/XLS_file/lambda/1st_overview/2_log_to_linear.xlsx → docs/previews/financials/interest_rates/BOE/historical_data/base_rate_since_1694/XLS_file/lambda/1st_overview/2_log_to_linear.html
[2025-09-30T20:41:49.907524 UTC] ✔ Converted data/spreadsheets/in_development/financials/interest_rates/BOE/historical_data/base_rate_since_1694/XLS_file/lambda/1st_overview/3_log_to_linear.xlsx → docs/previews/financials/interest_rates/BOE/historical_data/base_rate_since_1694/XLS_file/lambda/1st_overview/3_log_to_linear.html
[2025-09-30T20:41:50.010900 UTC] ✔ Converted data/spreadsheets/in_development/financials/interest_rates/BOE/historical_data/base_rate_since_1694/XLS_file/boundary_momentum/A.xlsx → docs/previews/financials/interest_rates/BOE/historical_data/base_rate_since_1694/XLS_file/boundary_momentum/A.html
[2025-09-30T20:41:50.011185 UTC] ✅ Finished conversion run
